{"C:\\Users\\Engel\\OneDrive\\Documents\\react\\02-react\\02-first-steps\\src\\main.tsx": {"path":"C:\\Users\\Engel\\OneDrive\\Documents\\react\\02-react\\02-first-steps\\src\\main.tsx","all":true,"statementMap":{"0":{"start":{"line":1,"column":0},"end":{"line":1,"column":34}},"1":{"start":{"line":2,"column":0},"end":{"line":2,"column":45}},"2":{"start":{"line":3,"column":0},"end":{"line":3,"column":58}},"5":{"start":{"line":6,"column":0},"end":{"line":6,"column":52}},"6":{"start":{"line":7,"column":0},"end":{"line":7,"column":14}},"7":{"start":{"line":8,"column":0},"end":{"line":8,"column":24}}},"s":{"0":0,"1":0,"2":0,"5":0,"6":0,"7":0},"branchMap":{"0":{"type":"branch","line":1,"loc":{"start":{"line":1,"column":262},"end":{"line":10,"column":1}},"locations":[{"start":{"line":1,"column":262},"end":{"line":10,"column":1}}]}},"b":{"0":[0]},"fnMap":{"0":{"name":"(empty-report)","decl":{"start":{"line":1,"column":262},"end":{"line":10,"column":1}},"loc":{"start":{"line":1,"column":262},"end":{"line":10,"column":1}},"line":1}},"f":{"0":0}}
,"C:\\Users\\Engel\\OneDrive\\Documents\\react\\02-react\\02-first-steps\\src\\components\\FirstStepsApp.tsx": {"path":"C:\\Users\\Engel\\OneDrive\\Documents\\react\\02-react\\02-first-steps\\src\\components\\FirstStepsApp.tsx","all":false,"statementMap":{"0":{"start":{"line":1,"column":0},"end":{"line":1,"column":46}},"1":{"start":{"line":2,"column":0},"end":{"line":2,"column":44}},"9":{"start":{"line":10,"column":0},"end":{"line":10,"column":36}},"10":{"start":{"line":11,"column":0},"end":{"line":11,"column":40}},"11":{"start":{"line":12,"column":0},"end":{"line":12,"column":40}},"12":{"start":{"line":13,"column":0},"end":{"line":13,"column":44}},"14":{"start":{"line":15,"column":0},"end":{"line":15,"column":1}},"16":{"start":{"line":17,"column":0},"end":{"line":17,"column":33}},"18":{"start":{"line":19,"column":0},"end":{"line":19,"column":10}},"19":{"start":{"line":20,"column":0},"end":{"line":20,"column":6}},"20":{"start":{"line":21,"column":0},"end":{"line":21,"column":26}},"21":{"start":{"line":22,"column":0},"end":{"line":22,"column":28}},"22":{"start":{"line":23,"column":0},"end":{"line":23,"column":33}},"25":{"start":{"line":26,"column":0},"end":{"line":26,"column":22}},"27":{"start":{"line":28,"column":0},"end":{"line":28,"column":56}},"28":{"start":{"line":29,"column":0},"end":{"line":29,"column":80}},"36":{"start":{"line":37,"column":0},"end":{"line":37,"column":1}}},"s":{"0":1,"1":1,"9":1,"10":1,"11":1,"12":1,"14":1,"16":1,"18":3,"19":3,"20":3,"21":3,"22":3,"25":3,"27":3,"28":3,"36":3},"branchMap":{"0":{"type":"branch","line":17,"loc":{"start":{"line":17,"column":7},"end":{"line":37,"column":1}},"locations":[{"start":{"line":17,"column":7},"end":{"line":37,"column":1}}]}},"b":{"0":[3]},"fnMap":{"0":{"name":"FirstStepsApp","decl":{"start":{"line":17,"column":7},"end":{"line":37,"column":1}},"loc":{"start":{"line":17,"column":7},"end":{"line":37,"column":1}},"line":17}},"f":{"0":3}}
,"C:\\Users\\Engel\\OneDrive\\Documents\\react\\02-react\\02-first-steps\\src\\components\\ItemCounter.tsx": {"path":"C:\\Users\\Engel\\OneDrive\\Documents\\react\\02-react\\02-first-steps\\src\\components\\ItemCounter.tsx","all":false,"statementMap":{"0":{"start":{"line":1,"column":0},"end":{"line":1,"column":33}},"1":{"start":{"line":2,"column":0},"end":{"line":2,"column":31}},"7":{"start":{"line":8,"column":0},"end":{"line":8,"column":63}},"9":{"start":{"line":10,"column":0},"end":{"line":10,"column":47}},"11":{"start":{"line":12,"column":0},"end":{"line":12,"column":27}},"13":{"start":{"line":14,"column":0},"end":{"line":14,"column":24}},"14":{"start":{"line":15,"column":0},"end":{"line":15,"column":3}},"15":{"start":{"line":16,"column":0},"end":{"line":16,"column":32}},"16":{"start":{"line":17,"column":0},"end":{"line":17,"column":18}},"17":{"start":{"line":18,"column":0},"end":{"line":18,"column":26}},"18":{"start":{"line":19,"column":0},"end":{"line":19,"column":3}},"20":{"start":{"line":21,"column":0},"end":{"line":21,"column":10}},"21":{"start":{"line":22,"column":0},"end":{"line":22,"column":12}},"22":{"start":{"line":23,"column":0},"end":{"line":23,"column":26}},"24":{"start":{"line":25,"column":0},"end":{"line":25,"column":11}},"25":{"start":{"line":26,"column":0},"end":{"line":26,"column":31}},"26":{"start":{"line":27,"column":0},"end":{"line":27,"column":58}},"27":{"start":{"line":28,"column":0},"end":{"line":28,"column":21}},"29":{"start":{"line":30,"column":0},"end":{"line":30,"column":13}},"30":{"start":{"line":31,"column":0},"end":{"line":31,"column":39}},"32":{"start":{"line":33,"column":0},"end":{"line":33,"column":26}},"34":{"start":{"line":35,"column":0},"end":{"line":35,"column":50}},"39":{"start":{"line":40,"column":0},"end":{"line":40,"column":1}}},"s":{"0":1,"1":1,"7":1,"9":10,"11":10,"13":1,"14":1,"15":10,"16":2,"17":2,"18":2,"20":10,"21":10,"22":10,"24":10,"25":10,"26":10,"27":10,"29":10,"30":10,"32":10,"34":10,"39":10},"branchMap":{"0":{"type":"branch","line":8,"loc":{"start":{"line":8,"column":27},"end":{"line":40,"column":1}},"locations":[{"start":{"line":8,"column":27},"end":{"line":40,"column":1}}]},"1":{"type":"branch","line":27,"loc":{"start":{"line":27,"column":34},"end":{"line":27,"column":46}},"locations":[{"start":{"line":27,"column":34},"end":{"line":27,"column":46}}]},"2":{"type":"branch","line":27,"loc":{"start":{"line":27,"column":38},"end":{"line":27,"column":55}},"locations":[{"start":{"line":27,"column":38},"end":{"line":27,"column":55}}]},"3":{"type":"branch","line":12,"loc":{"start":{"line":12,"column":20},"end":{"line":15,"column":3}},"locations":[{"start":{"line":12,"column":20},"end":{"line":15,"column":3}}]},"4":{"type":"branch","line":16,"loc":{"start":{"line":16,"column":25},"end":{"line":19,"column":3}},"locations":[{"start":{"line":16,"column":25},"end":{"line":19,"column":3}}]}},"b":{"0":[10],"1":[2],"2":[8],"3":[1],"4":[2]},"fnMap":{"0":{"name":"ItemCounter","decl":{"start":{"line":8,"column":27},"end":{"line":40,"column":1}},"loc":{"start":{"line":8,"column":27},"end":{"line":40,"column":1}},"line":8},"1":{"name":"handleAdd","decl":{"start":{"line":12,"column":20},"end":{"line":15,"column":3}},"loc":{"start":{"line":12,"column":20},"end":{"line":15,"column":3}},"line":12},"2":{"name":"handleSubtract","decl":{"start":{"line":16,"column":25},"end":{"line":19,"column":3}},"loc":{"start":{"line":16,"column":25},"end":{"line":19,"column":3}},"line":16}},"f":{"0":10,"1":1,"2":2}}
,"C:\\Users\\Engel\\OneDrive\\Documents\\react\\02-react\\02-first-steps\\src\\components\\MyAwesomeApp.tsx": {"path":"C:\\Users\\Engel\\OneDrive\\Documents\\react\\02-react\\02-first-steps\\src\\components\\MyAwesomeApp.tsx","all":false,"statementMap":{"2":{"start":{"line":3,"column":0},"end":{"line":3,"column":35}},"4":{"start":{"line":5,"column":0},"end":{"line":5,"column":24}},"5":{"start":{"line":6,"column":0},"end":{"line":6,"column":24}},"7":{"start":{"line":8,"column":0},"end":{"line":8,"column":64}},"9":{"start":{"line":10,"column":0},"end":{"line":10,"column":24}},"11":{"start":{"line":12,"column":0},"end":{"line":12,"column":19}},"12":{"start":{"line":13,"column":0},"end":{"line":13,"column":21}},"13":{"start":{"line":14,"column":0},"end":{"line":14,"column":19}},"14":{"start":{"line":15,"column":0},"end":{"line":15,"column":3}},"16":{"start":{"line":17,"column":0},"end":{"line":17,"column":35}},"17":{"start":{"line":18,"column":0},"end":{"line":18,"column":33}},"18":{"start":{"line":19,"column":0},"end":{"line":19,"column":19}},"19":{"start":{"line":20,"column":0},"end":{"line":20,"column":21}},"20":{"start":{"line":21,"column":0},"end":{"line":21,"column":16}},"22":{"start":{"line":23,"column":0},"end":{"line":23,"column":3}},"24":{"start":{"line":25,"column":0},"end":{"line":25,"column":10}},"25":{"start":{"line":26,"column":0},"end":{"line":26,"column":9}},"26":{"start":{"line":27,"column":0},"end":{"line":27,"column":23}},"27":{"start":{"line":28,"column":0},"end":{"line":28,"column":22}},"30":{"start":{"line":31,"column":0},"end":{"line":31,"column":22}},"31":{"start":{"line":32,"column":0},"end":{"line":32,"column":22}},"34":{"start":{"line":35,"column":0},"end":{"line":35,"column":13}},"37":{"start":{"line":38,"column":0},"end":{"line":38,"column":36}},"40":{"start":{"line":41,"column":0},"end":{"line":41,"column":50}},"43":{"start":{"line":44,"column":0},"end":{"line":44,"column":8}},"44":{"start":{"line":45,"column":0},"end":{"line":45,"column":24}},"47":{"start":{"line":48,"column":0},"end":{"line":48,"column":33}},"55":{"start":{"line":56,"column":0},"end":{"line":56,"column":1}}},"s":{"2":1,"4":5,"5":5,"7":5,"9":5,"11":5,"12":5,"13":5,"14":5,"16":5,"17":5,"18":5,"19":5,"20":5,"22":5,"24":5,"25":5,"26":5,"27":5,"30":5,"31":5,"34":5,"37":5,"40":5,"43":5,"44":5,"47":5,"55":5},"branchMap":{"0":{"type":"branch","line":3,"loc":{"start":{"line":3,"column":28},"end":{"line":56,"column":1}},"locations":[{"start":{"line":3,"column":28},"end":{"line":56,"column":1}}]},"1":{"type":"branch","line":41,"loc":{"start":{"line":41,"column":22},"end":{"line":41,"column":50}},"locations":[{"start":{"line":41,"column":22},"end":{"line":41,"column":50}}]}},"b":{"0":[5],"1":[0]},"fnMap":{"0":{"name":"MyAwesomeApp","decl":{"start":{"line":3,"column":28},"end":{"line":56,"column":1}},"loc":{"start":{"line":3,"column":28},"end":{"line":56,"column":1}},"line":3}},"f":{"0":5}}
,"C:\\Users\\Engel\\OneDrive\\Documents\\react\\02-react\\02-first-steps\\src\\helpers\\math.helper.ts": {"path":"C:\\Users\\Engel\\OneDrive\\Documents\\react\\02-react\\02-first-steps\\src\\helpers\\math.helper.ts","all":false,"statementMap":{"0":{"start":{"line":1,"column":0},"end":{"line":1,"column":33}},"1":{"start":{"line":2,"column":0},"end":{"line":2,"column":44}},"2":{"start":{"line":3,"column":0},"end":{"line":3,"column":15}},"3":{"start":{"line":4,"column":0},"end":{"line":4,"column":2}},"5":{"start":{"line":6,"column":0},"end":{"line":6,"column":44}},"6":{"start":{"line":7,"column":0},"end":{"line":7,"column":15}},"7":{"start":{"line":8,"column":0},"end":{"line":8,"column":2}},"9":{"start":{"line":10,"column":0},"end":{"line":10,"column":45}},"10":{"start":{"line":11,"column":0},"end":{"line":11,"column":15}},"11":{"start":{"line":12,"column":0},"end":{"line":12,"column":2}},"13":{"start":{"line":14,"column":0},"end":{"line":14,"column":45}},"14":{"start":{"line":15,"column":0},"end":{"line":15,"column":15}},"15":{"start":{"line":16,"column":0},"end":{"line":16,"column":2}}},"s":{"0":1,"1":1,"2":1,"3":1,"5":1,"6":2,"7":2,"9":1,"10":2,"11":2,"13":1,"14":1,"15":1},"branchMap":{"0":{"type":"branch","line":2,"loc":{"start":{"line":2,"column":19},"end":{"line":4,"column":2}},"locations":[{"start":{"line":2,"column":19},"end":{"line":4,"column":2}}]},"1":{"type":"branch","line":6,"loc":{"start":{"line":6,"column":19},"end":{"line":8,"column":2}},"locations":[{"start":{"line":6,"column":19},"end":{"line":8,"column":2}}]},"2":{"type":"branch","line":10,"loc":{"start":{"line":10,"column":20},"end":{"line":12,"column":2}},"locations":[{"start":{"line":10,"column":20},"end":{"line":12,"column":2}}]},"3":{"type":"branch","line":14,"loc":{"start":{"line":14,"column":20},"end":{"line":16,"column":2}},"locations":[{"start":{"line":14,"column":20},"end":{"line":16,"column":2}}]}},"b":{"0":[1],"1":[2],"2":[2],"3":[1]},"fnMap":{"0":{"name":"add","decl":{"start":{"line":2,"column":19},"end":{"line":4,"column":2}},"loc":{"start":{"line":2,"column":19},"end":{"line":4,"column":2}},"line":2},"1":{"name":"sub","decl":{"start":{"line":6,"column":19},"end":{"line":8,"column":2}},"loc":{"start":{"line":6,"column":19},"end":{"line":8,"column":2}},"line":6},"2":{"name":"mult","decl":{"start":{"line":10,"column":20},"end":{"line":12,"column":2}},"loc":{"start":{"line":10,"column":20},"end":{"line":12,"column":2}},"line":10},"3":{"name":"divd","decl":{"start":{"line":14,"column":20},"end":{"line":16,"column":2}},"loc":{"start":{"line":14,"column":20},"end":{"line":16,"column":2}},"line":14}},"f":{"0":1,"1":2,"2":2,"3":1}}
}
